#
# A fatal error has been detected by the Java Runtime Environment:
#
#  EXCEPTION_ACCESS_VIOLATION (0xc0000005) at pc=0x0000000060347b26, pid=17456, tid=0x0000000000005114
#
# JRE version: Java(TM) SE Runtime Environment (8.0_241-b07) (build 1.8.0_241-b07)
# Java VM: Java HotSpot(TM) 64-Bit Server VM (25.241-b07 mixed mode windows-amd64 compressed oops)
# Problematic frame:
# V  [jvm.dll+0x237b26]
#
# Failed to write core dump. Minidumps are not enabled by default on client versions of Windows
#
# If you would like to submit a bug report, please visit:
#   http://bugreport.java.com/bugreport/crash.jsp
#

---------------  T H R E A D  ---------------

Current thread (0x0000000017bda000):  VMThread [stack: 0x00000000198b0000,0x00000000199b0000] [id=20756]

siginfo: ExceptionCode=0xc0000005, reading address 0x0000000000000008

Registers:
RAX=0x0000000000000000, RBX=0x00000000199aed30, RCX=0x00000000199aed30, RDX=0x0000000000000028
RSP=0x00000000199aea60, RBP=0x00000000199af270, RSI=0x0000000000000000, RDI=0x00000000199af400
R8 =0x0000000000000000, R9 =0x0000000017779238, R10=0x0000000000000008, R11=0x000000006071f398
R12=0x000000001ae736e0, R13=0x00000000199af230, R14=0x00000000000003d8, R15=0x00000000199af220
RIP=0x0000000060347b26, EFLAGS=0x0000000000010206

Top of Stack: (sp=0x00000000199aea60)
0x00000000199aea60:   0000000000000000 0000000000000000
0x00000000199aea70:   00000000d8053c48 00000000d8053cb0
0x00000000199aea80:   00000000d8053d30 00000000d8053d98
0x00000000199aea90:   00000000d8053e00 00000000d8053e68
0x00000000199aeaa0:   00000000d8053ed0 00000000d8053f38
0x00000000199aeab0:   0000000002adf298 0000000002adf298
0x00000000199aeac0:   00000000d8054070 00000000d80540d8
0x00000000199aead0:   00000000d8054140 00000000d80541a8
0x00000000199aeae0:   00000000d8054210 00000000d8054280
0x00000000199aeaf0:   00000000d80542e8 00000000d8054350
0x00000000199aeb00:   00000000d80543b8 00000000d8054420
0x00000000199aeb10:   00000000d8054490 00000000d80544f8
0x00000000199aeb20:   00000000d8054560 00000000d80545c8
0x00000000199aeb30:   00000000d8054630 00000000d8054698
0x00000000199aeb40:   00000000d8054700 00000000d8054700
0x00000000199aeb50:   00000000d8054768 00000000d80547d0 

Instructions: (pc=0x0000000060347b26)
0x0000000060347b06:   01 00 00 48 8b 05 c0 2d 5c 00 48 33 c4 48 89 84
0x0000000060347b16:   24 30 01 00 00 4c 63 41 10 48 8b 41 08 48 8b d9
0x0000000060347b26:   42 38 54 00 08 74 33 44 0f be c2 48 8d 4c 24 20
0x0000000060347b36:   48 8d 15 43 4f 3f 00 e8 2e e0 de ff 48 8d 0d c7 


Register to memory mapping:

RAX=0x0000000000000000 is an unknown value
RBX=0x00000000199aed30 is an unknown value
RCX=0x00000000199aed30 is an unknown value
RDX=0x0000000000000028 is an unknown value
RSP=0x00000000199aea60 is an unknown value
RBP=0x00000000199af270 is an unknown value
RSI=0x0000000000000000 is an unknown value
RDI=0x00000000199af400 is an unknown value
R8 =0x0000000000000000 is an unknown value
R9 =0x0000000017779238 is pointing into metadata
R10=0x0000000000000008 is an unknown value
R11=0x000000006071f398 is an unknown value
R12=0x000000001ae736e0 is an unknown value
R13=0x00000000199af230 is an unknown value
R14=0x00000000000003d8 is an unknown value
R15=0x00000000199af220 is an unknown value


Stack: [0x00000000198b0000,0x00000000199b0000],  sp=0x00000000199aea60,  free space=1018k
Native frames: (J=compiled Java code, j=interpreted, Vv=VM code, C=native code)
V  [jvm.dll+0x237b26]
V  [jvm.dll+0x2381a4]
V  [jvm.dll+0xff603]
V  [jvm.dll+0x10274b]
V  [jvm.dll+0x1031bf]
V  [jvm.dll+0x103a05]
V  [jvm.dll+0x103c52]
V  [jvm.dll+0xc512e]
V  [jvm.dll+0xc57b8]
V  [jvm.dll+0xc58ea]
V  [jvm.dll+0xc5ae8]
V  [jvm.dll+0x10faea]
V  [jvm.dll+0x12d39f]
V  [jvm.dll+0x1bf68f]
V  [jvm.dll+0x24d6b7]
V  [jvm.dll+0x24c956]
V  [jvm.dll+0x24cdf1]
V  [jvm.dll+0x24d00e]
V  [jvm.dll+0x29fd2a]
C  [msvcr100.dll+0x21d9f]
C  [msvcr100.dll+0x21e3b]
C  [KERNEL32.DLL+0x17bd4]
C  [ntdll.dll+0x6ce51]

VM_Operation (0x000000001a3af6d0): GetOrSetLocal, mode: safepoint, requested by thread 0x0000000019ae5800


---------------  P R O C E S S  ---------------

Java Threads: ( => current thread )
  0x000000001b87c800 JavaThread "Exec Stream Pumper" daemon [_thread_in_native, id=19372, stack(0x000000001cf80000,0x000000001d080000)]
  0x000000001b8fc000 JavaThread "Exec Stream Pumper" daemon [_thread_in_native, id=26108, stack(0x000000001ce80000,0x000000001cf80000)]
  0x000000001b787800 JavaThread "Exec Default Executor" daemon [_thread_in_native, id=21088, stack(0x000000001ca80000,0x000000001cb80000)]
  0x000000001af06000 JavaThread "ReaderThread" [_thread_in_native, id=19712, stack(0x000000001b5b0000,0x000000001b6b0000)]
  0x0000000019b97000 JavaThread "Service Thread" daemon [_thread_blocked, id=25532, stack(0x000000001aab0000,0x000000001abb0000)]
  0x0000000019b0f000 JavaThread "C1 CompilerThread3" daemon [_thread_blocked, id=16120, stack(0x000000001a9b0000,0x000000001aab0000)]
  0x0000000019b0e000 JavaThread "C2 CompilerThread2" daemon [_thread_blocked, id=19700, stack(0x000000001a7b0000,0x000000001a8b0000)]
  0x0000000019b0c800 JavaThread "C2 CompilerThread1" daemon [_thread_blocked, id=18792, stack(0x000000001a6b0000,0x000000001a7b0000)]
  0x0000000019b06000 JavaThread "C2 CompilerThread0" daemon [_thread_blocked, id=21608, stack(0x000000001a5b0000,0x000000001a6b0000)]
  0x0000000019af6000 JavaThread "JDWP Command Reader" daemon [_thread_in_native, id=25796, stack(0x000000001a4b0000,0x000000001a5b0000)]
  0x0000000019af0800 JavaThread "JDWP Event Helper Thread" daemon [_thread_blocked, id=19860, stack(0x000000001a3b0000,0x000000001a4b0000)]
  0x0000000019ae5800 JavaThread "JDWP Transport Listener: dt_socket" daemon [_thread_blocked, id=26464, stack(0x000000001a2b0000,0x000000001a3b0000)]
  0x0000000019adc000 JavaThread "Attach Listener" daemon [_thread_blocked, id=9560, stack(0x000000001a1b0000,0x000000001a2b0000)]
  0x0000000019adb000 JavaThread "Signal Dispatcher" daemon [_thread_blocked, id=21644, stack(0x000000001a0b0000,0x000000001a1b0000)]
  0x0000000019ad0800 JavaThread "Finalizer" daemon [_thread_blocked, id=15512, stack(0x0000000019eb0000,0x0000000019fb0000)]
  0x0000000002c39800 JavaThread "Reference Handler" daemon [_thread_blocked, id=22020, stack(0x00000000199b0000,0x0000000019ab0000)]
  0x0000000002b44000 JavaThread "main" [_thread_blocked, id=19656, stack(0x00000000029e0000,0x0000000002ae0000)]

Other Threads:
=>0x0000000017bda000 VMThread [stack: 0x00000000198b0000,0x00000000199b0000] [id=20756]
  0x0000000019b9a000 WatcherThread [stack: 0x000000001abb0000,0x000000001acb0000] [id=20736]

VM state:at safepoint (normal execution)

VM Mutex/Monitor currently owned by a thread:  ([mutex/lock_event])
[0x0000000002b40dd0] Threads_lock - owner thread: 0x0000000017bda000

heap address: 0x0000000081e00000, size: 2018 MB, Compressed Oops mode: 32-bit
Narrow klass base: 0x0000000000000000, Narrow klass shift: 3
Compressed class space size: 1073741824 Address: 0x0000000100000000

Heap:
 PSYoungGen      total 38400K, used 32597K [0x00000000d5f80000, 0x00000000d8a00000, 0x0000000100000000)
  eden space 33280K, 82% used [0x00000000d5f80000,0x00000000d7a5abb0,0x00000000d8000000)
  from space 5120K, 99% used [0x00000000d8000000,0x00000000d84fabd8,0x00000000d8500000)
  to   space 5120K, 0% used [0x00000000d8500000,0x00000000d8500000,0x00000000d8a00000)
 ParOldGen       total 87552K, used 1085K [0x0000000081e00000, 0x0000000087380000, 0x00000000d5f80000)
  object space 87552K, 1% used [0x0000000081e00000,0x0000000081f0f508,0x0000000087380000)
 Metaspace       used 15681K, capacity 15918K, committed 16256K, reserved 1062912K
  class space    used 1960K, capacity 2061K, committed 2176K, reserved 1048576K

Card table byte_map: [0x0000000012000000,0x0000000012400000] byte_map_base: 0x0000000011bf1000

Marking Bits: (ParMarkBitMap*) 0x000000006093be30
 Begin Bits: [0x0000000012eb0000, 0x0000000014e38000)
 End Bits:   [0x0000000014e38000, 0x0000000016dc0000)

Polling page: 0x00000000029a0000

CodeCache: size=245760Kb used=4796Kb max_used=4796Kb free=240963Kb
 bounds [0x0000000002c40000, 0x0000000003100000, 0x0000000011c40000]
 total_blobs=1744 nmethods=1368 adapters=296
 compilation: enabled

Compilation events (10 events):
Event: 31.982 Thread 0x0000000019b0f000 1364       3       java.util.logging.Logger::isLoggable (25 bytes)
Event: 31.982 Thread 0x0000000019b0f000 nmethod 1364 0x00000000030ef510 code [0x00000000030ef680, 0x00000000030ef910]
Event: 31.982 Thread 0x0000000019b0f000 1365       3       org.apache.http.util.LangUtils::hashCode (7 bytes)
Event: 31.982 Thread 0x0000000019b0f000 nmethod 1365 0x00000000030ef9d0 code [0x00000000030efb20, 0x00000000030efc70]
Event: 31.982 Thread 0x0000000019b0f000 1366       1       com.google.gson.reflect.TypeToken::getType (5 bytes)
Event: 31.982 Thread 0x0000000019b0f000 nmethod 1366 0x00000000030efd10 code [0x00000000030efe60, 0x00000000030eff70]
Event: 31.983 Thread 0x0000000019b0f000 1368       3       com.google.gson.internal.LinkedTreeMap::find (276 bytes)
Event: 31.983 Thread 0x0000000019b0f000 nmethod 1368 0x00000000030effd0 code [0x00000000030f0280, 0x00000000030f1778]
Event: 31.983 Thread 0x0000000019b0f000 1367       3       java.util.Collections::emptyIterator (4 bytes)
Event: 31.983 Thread 0x0000000019b0f000 nmethod 1367 0x00000000030f2150 code [0x00000000030f22a0, 0x00000000030f23d0]

GC Heap History (2 events):
Event: 1.694 GC heap before
{Heap before GC invocations=1 (full 0):
 PSYoungGen      total 38400K, used 33280K [0x00000000d5f80000, 0x00000000d8a00000, 0x0000000100000000)
  eden space 33280K, 100% used [0x00000000d5f80000,0x00000000d8000000,0x00000000d8000000)
  from space 5120K, 0% used [0x00000000d8500000,0x00000000d8500000,0x00000000d8a00000)
  to   space 5120K, 0% used [0x00000000d8000000,0x00000000d8000000,0x00000000d8500000)
 ParOldGen       total 87552K, used 0K [0x0000000081e00000, 0x0000000087380000, 0x00000000d5f80000)
  object space 87552K, 0% used [0x0000000081e00000,0x0000000081e00000,0x0000000087380000)
 Metaspace       used 12300K, capacity 12538K, committed 12672K, reserved 1060864K
  class space    used 1470K, capacity 1577K, committed 1664K, reserved 1048576K
Event: 1.699 GC heap after
Heap after GC invocations=1 (full 0):
 PSYoungGen      total 38400K, used 5098K [0x00000000d5f80000, 0x00000000d8a00000, 0x0000000100000000)
  eden space 33280K, 0% used [0x00000000d5f80000,0x00000000d5f80000,0x00000000d8000000)
  from space 5120K, 99% used [0x00000000d8000000,0x00000000d84fabd8,0x00000000d8500000)
  to   space 5120K, 0% used [0x00000000d8500000,0x00000000d8500000,0x00000000d8a00000)
 ParOldGen       total 87552K, used 1085K [0x0000000081e00000, 0x0000000087380000, 0x00000000d5f80000)
  object space 87552K, 1% used [0x0000000081e00000,0x0000000081f0f508,0x0000000087380000)
 Metaspace       used 12300K, capacity 12538K, committed 12672K, reserved 1060864K
  class space    used 1470K, capacity 1577K, committed 1664K, reserved 1048576K
}

Deoptimization events (10 events):
Event: 1.890 Thread 0x000000001b720800 Uncommon trap: reason=unstable_if action=reinterpret pc=0x000000000307f5f0 method=java.util.concurrent.ConcurrentHashMap.addCount(JI)V @ 121
Event: 1.897 Thread 0x000000001b720800 Uncommon trap: reason=unstable_if action=reinterpret pc=0x0000000002f489ac method=java.lang.CharacterDataLatin1.digit(II)I @ 82
Event: 4.137 Thread 0x0000000002b44000 Uncommon trap: reason=range_check action=none pc=0x0000000002ef489c method=sun.reflect.generics.parser.SignatureParser.current()C @ 34
Event: 4.138 Thread 0x0000000002b44000 Uncommon trap: reason=range_check action=none pc=0x0000000002ef489c method=sun.reflect.generics.parser.SignatureParser.current()C @ 34
Event: 4.138 Thread 0x0000000002b44000 Uncommon trap: reason=range_check action=none pc=0x0000000002ef489c method=sun.reflect.generics.parser.SignatureParser.current()C @ 34
Event: 4.139 Thread 0x0000000002b44000 Uncommon trap: reason=range_check action=none pc=0x0000000002ef489c method=sun.reflect.generics.parser.SignatureParser.current()C @ 34
Event: 4.183 Thread 0x0000000002b44000 Uncommon trap: reason=range_check action=none pc=0x0000000002ef489c method=sun.reflect.generics.parser.SignatureParser.current()C @ 34
Event: 4.183 Thread 0x0000000002b44000 Uncommon trap: reason=range_check action=none pc=0x0000000002ef489c method=sun.reflect.generics.parser.SignatureParser.current()C @ 34
Event: 4.184 Thread 0x0000000002b44000 Uncommon trap: reason=unstable_if action=reinterpret pc=0x0000000002f5f3f0 method=java.util.regex.Pattern$BmpCharProperty.match(Ljava/util/regex/Matcher;ILjava/lang/CharSequence;)Z @ 34
Event: 4.230 Thread 0x0000000002b44000 Uncommon trap: reason=unstable_if action=reinterpret pc=0x0000000003087648 method=java.util.concurrent.ConcurrentHashMap.putVal(Ljava/lang/Object;Ljava/lang/Object;Z)Ljava/lang/Object; @ 181

Classes redefined (2 events):
Event: 166.678 Thread 0x0000000017bda000 redefined class name=Interview.Interview.Assignment2, count=1
Event: 314.459 Thread 0x0000000017bda000 redefined class name=Interview.Interview.Assignment2, count=2

Internal exceptions (10 events):
Event: 95.133 Thread 0x0000000002b44000 Exception <a 'java/net/SocketTimeoutException': Read timed out> (0x00000000d7989e08) thrown at [C:\ade\jenkins\workspace\8-2-build-windows-amd64-cygwin\jdk8u241\331\hotspot\src\share\vm\prims\jni.cpp, line 736]
Event: 95.806 Thread 0x0000000002b44000 Exception <a 'java/net/SocketTimeoutException': Read timed out> (0x00000000d79946e0) thrown at [C:\ade\jenkins\workspace\8-2-build-windows-amd64-cygwin\jdk8u241\331\hotspot\src\share\vm\prims\jni.cpp, line 736]
Event: 96.587 Thread 0x0000000002b44000 Exception <a 'java/net/SocketTimeoutException': Read timed out> (0x00000000d799efb8) thrown at [C:\ade\jenkins\workspace\8-2-build-windows-amd64-cygwin\jdk8u241\331\hotspot\src\share\vm\prims\jni.cpp, line 736]
Event: 97.493 Thread 0x0000000002b44000 Exception <a 'java/net/SocketTimeoutException': Read timed out> (0x00000000d79a9890) thrown at [C:\ade\jenkins\workspace\8-2-build-windows-amd64-cygwin\jdk8u241\331\hotspot\src\share\vm\prims\jni.cpp, line 736]
Event: 98.137 Thread 0x0000000002b44000 Exception <a 'java/net/SocketTimeoutException': Read timed out> (0x00000000d79b4168) thrown at [C:\ade\jenkins\workspace\8-2-build-windows-amd64-cygwin\jdk8u241\331\hotspot\src\share\vm\prims\jni.cpp, line 736]
Event: 98.814 Thread 0x0000000002b44000 Exception <a 'java/net/SocketTimeoutException': Read timed out> (0x00000000d79bea40) thrown at [C:\ade\jenkins\workspace\8-2-build-windows-amd64-cygwin\jdk8u241\331\hotspot\src\share\vm\prims\jni.cpp, line 736]
Event: 99.494 Thread 0x0000000002b44000 Exception <a 'java/net/SocketTimeoutException': Read timed out> (0x00000000d79c9318) thrown at [C:\ade\jenkins\workspace\8-2-build-windows-amd64-cygwin\jdk8u241\331\hotspot\src\share\vm\prims\jni.cpp, line 736]
Event: 100.171 Thread 0x0000000002b44000 Exception <a 'java/net/SocketTimeoutException': Read timed out> (0x00000000d79d3bf0) thrown at [C:\ade\jenkins\workspace\8-2-build-windows-amd64-cygwin\jdk8u241\331\hotspot\src\share\vm\prims\jni.cpp, line 736]
Event: 102.720 Thread 0x0000000002b44000 Exception <a 'java/net/SocketTimeoutException': Read timed out> (0x00000000d79df660) thrown at [C:\ade\jenkins\workspace\8-2-build-windows-amd64-cygwin\jdk8u241\331\hotspot\src\share\vm\prims\jni.cpp, line 736]
Event: 102.724 Thread 0x0000000002b44000 Exception <a 'java/net/SocketTimeoutException': Read timed out> (0x00000000d79dfb20) thrown at [C:\ade\jenkins\workspace\8-2-build-windows-amd64-cygwin\jdk8u241\331\hotspot\src\share\vm\prims\jni.cpp, line 736]

Events (10 events):
Event: 314.488 Executing VM operation: ChangeBreakpoints done
Event: 314.494 Executing VM operation: ChangeBreakpoints
Event: 314.495 Executing VM operation: ChangeBreakpoints done
Event: 314.508 Executing VM operation: ChangeBreakpoints
Event: 314.509 Executing VM operation: ChangeBreakpoints done
Event: 314.545 Executing VM operation: GetOwnedMonitorInfo
Event: 314.546 Executing VM operation: GetOwnedMonitorInfo done
Event: 314.546 Executing VM operation: GetCurrentContendedMonitor
Event: 314.546 Executing VM operation: GetCurrentContendedMonitor done
Event: 314.551 Executing VM operation: GetOrSetLocal


Dynamic libraries:
0x00007ff67f7e0000 - 0x00007ff67f817000 	C:\Program Files\Java\jre1.8.0_241\bin\javaw.exe
0x00007ffc77380000 - 0x00007ffc77570000 	C:\WINDOWS\SYSTEM32\ntdll.dll
0x00007ffc763f0000 - 0x00007ffc764a2000 	C:\WINDOWS\System32\KERNEL32.DLL
0x00007ffc746e0000 - 0x00007ffc74983000 	C:\WINDOWS\System32\KERNELBASE.dll
0x00000000625a0000 - 0x0000000062633000 	C:\WINDOWS\System32\SYSFER.DLL
0x000000005fd00000 - 0x0000000060028000 	C:\ProgramData\Symantec\Symantec Endpoint Protection\14.2.5323.2000.105\Data\Definitions\IPSDefs\20200420.061\IPSEng64.dll
0x00007ffc75690000 - 0x00007ffc75733000 	C:\WINDOWS\System32\ADVAPI32.dll
0x00007ffc75ea0000 - 0x00007ffc75f3e000 	C:\WINDOWS\System32\msvcrt.dll
0x00007ffc754b0000 - 0x00007ffc75547000 	C:\WINDOWS\System32\sechost.dll
0x00007ffc76d10000 - 0x00007ffc76e30000 	C:\WINDOWS\System32\RPCRT4.dll
0x00007ffc76e30000 - 0x00007ffc76e38000 	C:\WINDOWS\System32\PSAPI.DLL
0x00007ffc764b0000 - 0x00007ffc76644000 	C:\WINDOWS\System32\USER32.dll
0x00007ffc74990000 - 0x00007ffc749b1000 	C:\WINDOWS\System32\win32u.dll
0x00007ffc76650000 - 0x00007ffc76676000 	C:\WINDOWS\System32\GDI32.dll
0x00007ffc74a70000 - 0x00007ffc74c04000 	C:\WINDOWS\System32\gdi32full.dll
0x00007ffc74c10000 - 0x00007ffc74cae000 	C:\WINDOWS\System32\msvcp_win.dll
0x00007ffc74390000 - 0x00007ffc7448a000 	C:\WINDOWS\System32\ucrtbase.dll
0x00007ffc63a00000 - 0x00007ffc63c85000 	C:\WINDOWS\WinSxS\amd64_microsoft.windows.common-controls_6595b64144ccf1df_6.0.18362.778_none_e6c6b761130d4fb8\COMCTL32.dll
0x00007ffc76fa0000 - 0x00007ffc772d6000 	C:\WINDOWS\System32\combase.dll
0x00007ffc74310000 - 0x00007ffc74390000 	C:\WINDOWS\System32\bcryptPrimitives.dll
0x00007ffc76cd0000 - 0x00007ffc76cfe000 	C:\WINDOWS\System32\IMM32.DLL
0x00007ffc72f80000 - 0x00007ffc7309f000 	C:\Program Files\Avecto\Privilege Guard Client\PGHook.dll
0x00007ffc75740000 - 0x00007ffc75e25000 	C:\WINDOWS\System32\shell32.dll
0x00007ffc74690000 - 0x00007ffc746da000 	C:\WINDOWS\System32\cfgmgr32.dll
0x00007ffc762c0000 - 0x00007ffc76369000 	C:\WINDOWS\System32\shcore.dll
0x00007ffc74cb0000 - 0x00007ffc75430000 	C:\WINDOWS\System32\windows.storage.dll
0x00007ffc74250000 - 0x00007ffc74273000 	C:\WINDOWS\System32\profapi.dll
0x00007ffc742a0000 - 0x00007ffc742ea000 	C:\WINDOWS\System32\powrprof.dll
0x00007ffc74240000 - 0x00007ffc74250000 	C:\WINDOWS\System32\UMPDC.dll
0x00007ffc76800000 - 0x00007ffc76852000 	C:\WINDOWS\System32\shlwapi.dll
0x00007ffc74280000 - 0x00007ffc74291000 	C:\WINDOWS\System32\kernel.appcore.dll
0x00007ffc749c0000 - 0x00007ffc749d7000 	C:\WINDOWS\System32\cryptsp.dll
0x00007ffc733b0000 - 0x00007ffc733e3000 	C:\WINDOWS\system32\rsaenh.dll
0x00007ffc74a40000 - 0x00007ffc74a66000 	C:\WINDOWS\System32\bcrypt.dll
0x00007ffc73c80000 - 0x00007ffc73c8c000 	C:\WINDOWS\SYSTEM32\CRYPTBASE.dll
0x0000000068000000 - 0x000000006806c000 	C:\WINDOWS\System32\QIPCAP64.dll
0x00007ffc73810000 - 0x00007ffc738da000 	C:\WINDOWS\SYSTEM32\DNSAPI.dll
0x00007ffc75e30000 - 0x00007ffc75e9f000 	C:\WINDOWS\System32\WS2_32.dll
0x00007ffc75550000 - 0x00007ffc75558000 	C:\WINDOWS\System32\NSI.dll
0x00007ffc737c0000 - 0x00007ffc737fa000 	C:\WINDOWS\SYSTEM32\IPHLPAPI.DLL
0x000000005fb00000 - 0x000000005fbd2000 	C:\Program Files\Java\jre1.8.0_241\bin\msvcr100.dll
0x0000000060110000 - 0x00000000609bc000 	C:\Program Files\Java\jre1.8.0_241\bin\server\jvm.dll
0x00007ffc63cc0000 - 0x00007ffc63cc9000 	C:\WINDOWS\SYSTEM32\WSOCK32.dll
0x00007ffc63f90000 - 0x00007ffc63fb4000 	C:\WINDOWS\SYSTEM32\WINMM.dll
0x00007ffc67ea0000 - 0x00007ffc67eaa000 	C:\WINDOWS\SYSTEM32\VERSION.dll
0x00007ffc65ac0000 - 0x00007ffc65aed000 	C:\WINDOWS\SYSTEM32\WINMMBASE.dll
0x00007ffc6aa50000 - 0x00007ffc6aa5f000 	C:\Program Files\Java\jre1.8.0_241\bin\verify.dll
0x00007ffc6aa20000 - 0x00007ffc6aa49000 	C:\Program Files\Java\jre1.8.0_241\bin\java.dll
0x00007ffc4b1d0000 - 0x00007ffc4b205000 	C:\Program Files\Java\jre1.8.0_241\bin\jdwp.dll
0x00007ffc6a6d0000 - 0x00007ffc6a6d8000 	C:\Program Files\Java\jre1.8.0_241\bin\npt.dll
0x00007ffc46b30000 - 0x00007ffc46b9d000 	C:\Program Files\Manufacturer\Endpoint Agent\prntm64.dll
0x00007ffc76e40000 - 0x00007ffc76f97000 	C:\WINDOWS\System32\ole32.dll
0x00007ffc76680000 - 0x00007ffc76744000 	C:\WINDOWS\System32\OLEAUT32.dll
0x00007ffc68b70000 - 0x00007ffc68b7c000 	C:\WINDOWS\SYSTEM32\Secur32.dll
0x00007ffc64180000 - 0x00007ffc64209000 	C:\WINDOWS\SYSTEM32\WINSPOOL.DRV
0x00007ffc66c90000 - 0x00007ffc66d7f000 	C:\WINDOWS\SYSTEM32\MSVCR120.dll
0x00007ffc66d80000 - 0x00007ffc66e26000 	C:\WINDOWS\SYSTEM32\MSVCP120.dll
0x00007ffc72170000 - 0x00007ffc7225f000 	C:\WINDOWS\SYSTEM32\PROPSYS.dll
0x00007ffc74130000 - 0x00007ffc7415f000 	C:\WINDOWS\SYSTEM32\SSPICLI.DLL
0x00007ffc33940000 - 0x00007ffc33956000 	C:\Program Files\Java\jre1.8.0_241\bin\zip.dll
0x00007ffc5e1f0000 - 0x00007ffc5e1f9000 	C:\Program Files\Java\jre1.8.0_241\bin\dt_socket.dll
0x00007ffc6ff60000 - 0x00007ffc6ff76000 	C:\WINDOWS\system32\napinsp.dll
0x00007ffc6ff80000 - 0x00007ffc6ff9a000 	C:\WINDOWS\system32\pnrpnsp.dll
0x00007ffc73ab0000 - 0x00007ffc73b17000 	C:\WINDOWS\System32\mswsock.dll
0x00007ffc708b0000 - 0x00007ffc708be000 	C:\WINDOWS\System32\winrnr.dll
0x00007ffc6d5a0000 - 0x00007ffc6d5bc000 	C:\WINDOWS\system32\NLAapi.dll
0x00007ffc708c0000 - 0x00007ffc708d5000 	C:\WINDOWS\system32\wshbth.dll
0x00007ffc70820000 - 0x00007ffc70897000 	C:\WINDOWS\System32\fwpuclnt.dll
0x00007ffc6a1c0000 - 0x00007ffc6a1ca000 	C:\Windows\System32\rasadhlp.dll
0x00007ffc33920000 - 0x00007ffc3393a000 	C:\Program Files\Java\jre1.8.0_241\bin\net.dll
0x00007ffc74160000 - 0x00007ffc74185000 	C:\WINDOWS\SYSTEM32\USERENV.dll
0x00007ffc707e0000 - 0x00007ffc707f6000 	C:\WINDOWS\SYSTEM32\dhcpcsvc6.DLL
0x00007ffc70320000 - 0x00007ffc7033c000 	C:\WINDOWS\SYSTEM32\dhcpcsvc.DLL
0x00007ffc33900000 - 0x00007ffc33912000 	C:\Program Files\Java\jre1.8.0_241\bin\nio.dll
0x00007ffc30b90000 - 0x00007ffc30bb4000 	C:\Program Files\Java\jre1.8.0_241\bin\sunec.dll
0x00007ffc72820000 - 0x00007ffc72a14000 	C:\WINDOWS\SYSTEM32\dbghelp.dll

VM Arguments:
jvm_args: -agentlib:jdwp=transport=dt_socket,suspend=y,address=localhost:56962 -ea -Dfile.encoding=Cp1252 
java_command: org.testng.remote.RemoteTestNG -serport 56961 -protocol json -d C:\Users\pranay.jaroli\eclipse-workspace\Interview\test-output C:\Users\PRANAY~1.JAR\AppData\Local\Temp\testng-eclipse-325879314\testng-customsuite.xml
java_class_path (initial): C:\Users\pranay.jaroli\Desktop\backup - 2\docs\selenium coaching\eclipse\configuration\org.eclipse.osgi\491\0\.cp\lib\testng-remote.jar;C:\Users\pranay.jaroli\eclipse-workspace\Interview\target\test-classes;C:\Users\pranay.jaroli\eclipse-workspace\Interview\target\classes;C:\Users\pranay.jaroli\Desktop\backup - 2\docs\selenium coaching\eclipse\plugins\org.testng_6.14.3.r201802240500.jar;C:\Users\pranay.jaroli\Desktop\backup - 2\docs\selenium coaching\eclipse\plugins\com.beust.jcommander_1.72.0.jar;C:\Users\pranay.jaroli\Desktop\backup - 2\docs\selenium coaching\eclipse\plugins\org.apache-extras.beanshell.bsh_2.0.0.b6.jar;C:\Users\pranay.jaroli\Desktop\backup - 2\docs\selenium coaching\eclipse\plugins\org.yaml.snakeyaml_1.17.0.jar;C:\Users\pranay.jaroli\Downloads\selenium-java-2.53.0.zip;C:\Users\pranay.jaroli\Downloads\selenium-java-2.53.0\selenium-2.53.0\selenium-java-2.53.0.jar;C:\Users\pranay.jaroli\Downloads\selenium-java-2.53.0\selenium-2.53.0\selenium-java-2.53.0-srcs.jar;C:\Users\pranay.jaroli\Downloads\selenium-java-2.53.0\selenium-2.53.0\libs\apache-mime4j-0.6.jar;C:\Users\pranay.jaroli\Downloads\selenium-java-2.53.0\selenium-2.53.0\libs\bsh-2.0b4.jar;C:\Users\pranay.jaroli\Downloads\selenium-java-2.53.0\selenium-2.53.0\libs\cglib-nodep-2.1_3.jar;C:\Users\pranay.jaroli\Downloads\selenium-java-2.53.0\selenium-2.53.0\libs\commons-codec-1.10.jar;C:\Users\pranay.jaroli\Downloads\selenium-java-2.53.0\selenium-2.53.0\libs\commons-exec-1.3.jar;C:\Users\pranay.jaroli\Downloads\selenium-java-2.53.0\selenium-2.53.0\libs\commons-io-2.4.jar;C:\Users\pranay.jaroli\Downloads\selenium-java-2.53.0\selenium-2.53.0\libs\commons-logging-1.2.jar;C:\Users\pranay.jaroli\Downloads\selenium-java-2.53.0\selenium-2.53.0\libs\gson-2.3.1.jar;C:\Users\pranay.jaroli\Downloads\selenium-java-2.53.0\selenium-2.53.0\libs\guava-19.0.jar;C:\Users\pranay.jaroli\Downloads\selenium-java-2.53.0\selenium-2.53.0\libs\hamcrest-core-1.3.jar;C:\Users\pranay.jaroli\Download
Launcher Type: SUN_STANDARD

Environment Variables:
PATH=C:/Program Files/Java/jre1.8.0_241/bin/server;C:/Program Files/Java/jre1.8.0_241/bin;C:/Program Files/Java/jre1.8.0_241/lib/amd64;C:\Program Files (x86)\Common Files\Oracle\Java\javapath;C:\Program Files (x86)\Intel\Intel(R) Management Engine Components\iCLS\;C:\Program Files\Intel\Intel(R) Management Engine Components\iCLS\;C:\WINDOWS\system32;C:\WINDOWS;C:\WINDOWS\System32\Wbem;C:\WINDOWS\System32\WindowsPowerShell\v1.0\;C:\WINDOWS\System32\OpenSSH\;C:\Program Files (x86)\Intel\Intel(R) Management Engine Components\DAL;C:\Users\pranay.jaroli\Downloads\apache-maven-3.6.1-bin\apache-maven-3.6.1\bin;C:\Program Files\Zulu\zulu-11\bin\;C:\Program Files\Intel\WiFi\bin\;C:\Program Files\Common Files\Intel\WirelessCommon\;"C:\Windows\system32;C:\Windows;C:\Windows\System32\Wbem;C:\Windows\System32\WindowsPowerShell\v1.0\";;%USERPROFILE%\AppData\Local\Microsoft\WindowsApps;C:\Users\pranay.jaroli\Desktop\backup - 2\docs\selenium coaching\eclipse;
USERNAME=pranay.jaroli
OS=Windows_NT
PROCESSOR_IDENTIFIER=Intel64 Family 6 Model 142 Stepping 10, GenuineIntel



---------------  S Y S T E M  ---------------

OS: Windows 10.0 , 64 bit Build 18362 (10.0.18362.778)

CPU:total 8 (initial active 8) (4 cores per cpu, 2 threads per core) family 6 model 142 stepping 10, cmov, cx8, fxsr, mmx, sse, sse2, sse3, ssse3, sse4.1, sse4.2, popcnt, avx, avx2, aes, clmul, erms, rtm, 3dnowpref, lzcnt, ht, tsc, tscinvbit, bmi1, bmi2, adx

Memory: 4k page, physical 8264372k(1511396k free), swap 16528744k(4576740k free)

vm_info: Java HotSpot(TM) 64-Bit Server VM (25.241-b07) for windows-amd64 JRE (1.8.0_241-b07), built on Dec 11 2019 10:21:40 by "rejava" with MS VC++ 10.0 (VS2010)

time: Wed Apr 22 00:15:01 2020
timezone: India Standard Time
elapsed time: 314 seconds (0d 0h 5m 14s)

